2.3484 	WARNING 	We strongly recommend you activate the PTB sound engine in PsychoPy prefs as the preferred audio engine. Its timing is vastly superior. Your prefs are currently set to use ['sounddevice', 'PTB', 'pyo', 'pygame'] (in that order).
11.0793 	WARNING 	User requested fullscreen with size [1024  768], but screen is actually [1360, 768]. Using actual size
13.1105 	EXP 	Created window1 = Window(allowGUI=False, allowStencil=False, args=UNKNOWN, autoLog=True, bitsMode=UNKNOWN, blendMode='avg', bpc=(8, 8, 8), color=array([0., 0., 0.]), colorSpace='rgb', depthBits=8, fullscr=<method-wrapper '__getattribute__' of attributeSetter object at 0x00000249BCBD0320>, gamma=None, gammaErrorPolicy='raise', kwargs=UNKNOWN, lms=UNKNOWN, monitor=<psychopy.monitors.calibTools.Monitor object at 0x00000249BC9ECCF8>, multiSample=False, name='window1', numSamples=2, pos=[0.0, 0.0], screen=0, size=array([1360,  768]), stencilBits=0, stereo=False, units='height', useFBO=True, useRetina=False, viewOri=0.0, viewPos=None, viewScale=None, waitBlanking=True, winType='pyglet')
13.1106 	EXP 	window1: recordFrameIntervals = False
13.2738 	EXP 	window1: recordFrameIntervals = True
13.4565 	EXP 	window1: recordFrameIntervals = False
14.2994 	EXP 	Created instr1 = TextStim(__class__=<class 'psychopy.visual.text.TextStim'>, alignHoriz=method-wrapper(...), alignText='center', alignVert=method-wrapper(...), anchorHoriz='center', anchorVert='center', antialias=True, autoLog=True, bold=False, color='white', colorSpace='named', contrast=1.0, depth=0.0, flipHoriz=False, flipVert=False, font='Arial', fontFiles=[], height=0.05, italic=False, languageStyle='LTR', name='instr1', opacity=1.0, ori=0, pos=array([0.  , 0.15]), rgb=array([255., 255., 255.]), text=str(...), units='height', win=Window(...), wrapWidth=1)
14.3227 	EXP 	Created l1ex = ImageStim(__class__=<class 'psychopy.visual.image.ImageStim'>, autoLog=True, color=array([1., 1., 1.]), colorSpace='rgb', contrast=1.0, depth=-2.0, flipHoriz=False, flipVert=False, image='L1.png', interpolate=True, mask=None, maskParams=None, name='l1ex', opacity=1.0, ori=0.0, pos=array([-0.3 , -0.15]), size=array([0.1, 0.1]), texRes=128, units='height', win=Window(...))
14.3357 	EXP 	Created l2ex = ImageStim(__class__=<class 'psychopy.visual.image.ImageStim'>, autoLog=True, color=array([1., 1., 1.]), colorSpace='rgb', contrast=1.0, depth=-3.0, flipHoriz=False, flipVert=False, image='L2.png', interpolate=True, mask=None, maskParams=None, name='l2ex', opacity=1.0, ori=0.0, pos=array([-0.1 , -0.15]), size=array([0.1, 0.1]), texRes=128, units='height', win=Window(...))
14.3494 	EXP 	Created t1ex = ImageStim(__class__=<class 'psychopy.visual.image.ImageStim'>, autoLog=True, color=array([1., 1., 1.]), colorSpace='rgb', contrast=1.0, depth=-4.0, flipHoriz=False, flipVert=False, image='T1.png', interpolate=True, mask=None, maskParams=None, name='t1ex', opacity=1.0, ori=0.0, pos=array([ 0.1 , -0.15]), size=array([0.1, 0.1]), texRes=128, units='height', win=Window(...))
14.3633 	EXP 	Created tTex = ImageStim(__class__=<class 'psychopy.visual.image.ImageStim'>, autoLog=True, color=array([1., 1., 1.]), colorSpace='rgb', contrast=1.0, depth=-5.0, flipHoriz=False, flipVert=False, image='TT.png', interpolate=True, mask=None, maskParams=None, name='tTex', opacity=1.0, ori=0.0, pos=array([ 0.3 , -0.15]), size=array([0.1, 0.1]), texRes=128, units='height', win=Window(...))
14.3702 	EXP 	Created trialFix = TextStim(__class__=<class 'psychopy.visual.text.TextStim'>, alignHoriz=method-wrapper(...), alignText='center', alignVert=method-wrapper(...), anchorHoriz='center', anchorVert='center', antialias=True, autoLog=True, bold=False, color='white', colorSpace='named', contrast=1.0, depth=0.0, flipHoriz=False, flipVert=False, font='Arial', fontFiles=[], height=0.05, italic=False, languageStyle='LTR', name='trialFix', opacity=1.0, ori=0, pos=array([0., 0.]), rgb=array([255., 255., 255.]), text='+', units='height', win=Window(...), wrapWidth=1)
14.3806 	EXP 	Created trialL11 = ImageStim(__class__=<class 'psychopy.visual.image.ImageStim'>, autoLog=True, color=array([1., 1., 1.]), colorSpace='rgb', contrast=1.0, depth=-1.0, flipHoriz=False, flipVert=False, image='L1.png', interpolate=True, mask=None, maskParams=None, name='trialL11', opacity=1.0, ori=0.0, pos=array([0., 0.]), size=array([0.1, 0.1]), texRes=128, units='height', win=Window(...))
14.3913 	EXP 	Created trialL12 = ImageStim(__class__=<class 'psychopy.visual.image.ImageStim'>, autoLog=True, color=array([1., 1., 1.]), colorSpace='rgb', contrast=1.0, depth=-2.0, flipHoriz=False, flipVert=False, image='L1.png', interpolate=True, mask=None, maskParams=None, name='trialL12', opacity=1.0, ori=0.0, pos=array([0., 0.]), size=array([0.1, 0.1]), texRes=128, units='height', win=Window(...))
14.4023 	EXP 	Created trialL21 = ImageStim(__class__=<class 'psychopy.visual.image.ImageStim'>, autoLog=True, color=array([1., 1., 1.]), colorSpace='rgb', contrast=1.0, depth=-3.0, flipHoriz=False, flipVert=False, image='L2.png', interpolate=True, mask=None, maskParams=None, name='trialL21', opacity=1.0, ori=0.0, pos=array([0., 0.]), size=array([0.1, 0.1]), texRes=128, units='height', win=Window(...))
14.4124 	EXP 	Created trialL22 = ImageStim(__class__=<class 'psychopy.visual.image.ImageStim'>, autoLog=True, color=array([1., 1., 1.]), colorSpace='rgb', contrast=1.0, depth=-4.0, flipHoriz=False, flipVert=False, image='L2.png', interpolate=True, mask=None, maskParams=None, name='trialL22', opacity=1.0, ori=0.0, pos=array([0., 0.]), size=array([0.1, 0.1]), texRes=128, units='height', win=Window(...))
14.4247 	EXP 	Created trialT11 = ImageStim(__class__=<class 'psychopy.visual.image.ImageStim'>, autoLog=True, color=array([1., 1., 1.]), colorSpace='rgb', contrast=1.0, depth=-5.0, flipHoriz=False, flipVert=False, image='T1.png', interpolate=True, mask=None, maskParams=None, name='trialT11', opacity=1.0, ori=0.0, pos=array([0., 0.]), size=array([0.1, 0.1]), texRes=128, units='height', win=Window(...))
14.4364 	EXP 	Created trialT12 = ImageStim(__class__=<class 'psychopy.visual.image.ImageStim'>, autoLog=True, color=array([1., 1., 1.]), colorSpace='rgb', contrast=1.0, depth=-6.0, flipHoriz=False, flipVert=False, image='T1.png', interpolate=True, mask=None, maskParams=None, name='trialT12', opacity=1.0, ori=0.0, pos=array([0., 0.]), size=array([0.1, 0.1]), texRes=128, units='height', win=Window(...))
14.4459 	EXP 	Created trialL13 = ImageStim(__class__=<class 'psychopy.visual.image.ImageStim'>, autoLog=True, color=array([1., 1., 1.]), colorSpace='rgb', contrast=1.0, depth=-7.0, flipHoriz=False, flipVert=False, image='L1.png', interpolate=True, mask=None, maskParams=None, name='trialL13', opacity=1.0, ori=0.0, pos=array([0., 0.]), size=array([0.1, 0.1]), texRes=128, units='height', win=Window(...))
14.4557 	EXP 	Created trialL14 = ImageStim(__class__=<class 'psychopy.visual.image.ImageStim'>, autoLog=True, color=array([1., 1., 1.]), colorSpace='rgb', contrast=1.0, depth=-8.0, flipHoriz=False, flipVert=False, image='L1.png', interpolate=True, mask=None, maskParams=None, name='trialL14', opacity=1.0, ori=0.0, pos=array([0., 0.]), size=array([0.1, 0.1]), texRes=128, units='height', win=Window(...))
14.4658 	EXP 	Created trialL23 = ImageStim(__class__=<class 'psychopy.visual.image.ImageStim'>, autoLog=True, color=array([1., 1., 1.]), colorSpace='rgb', contrast=1.0, depth=-9.0, flipHoriz=False, flipVert=False, image='L1.png', interpolate=True, mask=None, maskParams=None, name='trialL23', opacity=1.0, ori=0.0, pos=array([0., 0.]), size=array([0.1, 0.1]), texRes=128, units='height', win=Window(...))
14.4758 	EXP 	Created trialL24 = ImageStim(__class__=<class 'psychopy.visual.image.ImageStim'>, autoLog=True, color=array([1., 1., 1.]), colorSpace='rgb', contrast=1.0, depth=-10.0, flipHoriz=False, flipVert=False, image='L2.png', interpolate=True, mask=None, maskParams=None, name='trialL24', opacity=1.0, ori=0.0, pos=array([0., 0.]), size=array([0.1, 0.1]), texRes=128, units='height', win=Window(...))
14.4871 	EXP 	Created trialT13 = ImageStim(__class__=<class 'psychopy.visual.image.ImageStim'>, autoLog=True, color=array([1., 1., 1.]), colorSpace='rgb', contrast=1.0, depth=-11.0, flipHoriz=False, flipVert=False, image='T1.png', interpolate=True, mask=None, maskParams=None, name='trialT13', opacity=1.0, ori=0.0, pos=array([0., 0.]), size=array([0.1, 0.1]), texRes=128, units='height', win=Window(...))
14.4995 	EXP 	Created trialT14 = ImageStim(__class__=<class 'psychopy.visual.image.ImageStim'>, autoLog=True, color=array([1., 1., 1.]), colorSpace='rgb', contrast=1.0, depth=-12.0, flipHoriz=False, flipVert=False, image='T1.png', interpolate=True, mask=None, maskParams=None, name='trialT14', opacity=1.0, ori=0.0, pos=array([0., 0.]), size=array([0.1, 0.1]), texRes=128, units='height', win=Window(...))
14.5102 	EXP 	Created trialL15 = ImageStim(__class__=<class 'psychopy.visual.image.ImageStim'>, autoLog=True, color=array([1., 1., 1.]), colorSpace='rgb', contrast=1.0, depth=-13.0, flipHoriz=False, flipVert=False, image='L1.png', interpolate=True, mask=None, maskParams=None, name='trialL15', opacity=1.0, ori=0.0, pos=array([0., 0.]), size=array([0.1, 0.1]), texRes=128, units='height', win=Window(...))
14.5206 	EXP 	Created trialL16 = ImageStim(__class__=<class 'psychopy.visual.image.ImageStim'>, autoLog=True, color=array([1., 1., 1.]), colorSpace='rgb', contrast=1.0, depth=-14.0, flipHoriz=False, flipVert=False, image='L1.png', interpolate=True, mask=None, maskParams=None, name='trialL16', opacity=1.0, ori=0.0, pos=array([0., 0.]), size=array([0.1, 0.1]), texRes=128, units='height', win=Window(...))
14.5312 	EXP 	Created trialL25 = ImageStim(__class__=<class 'psychopy.visual.image.ImageStim'>, autoLog=True, color=array([1., 1., 1.]), colorSpace='rgb', contrast=1.0, depth=-15.0, flipHoriz=False, flipVert=False, image='L2.png', interpolate=True, mask=None, maskParams=None, name='trialL25', opacity=1.0, ori=0.0, pos=array([0., 0.]), size=array([0.1, 0.1]), texRes=128, units='height', win=Window(...))
14.5416 	EXP 	Created trialL26 = ImageStim(__class__=<class 'psychopy.visual.image.ImageStim'>, autoLog=True, color=array([1., 1., 1.]), colorSpace='rgb', contrast=1.0, depth=-16.0, flipHoriz=False, flipVert=False, image='L2.png', interpolate=True, mask=None, maskParams=None, name='trialL26', opacity=1.0, ori=0.0, pos=array([0., 0.]), size=array([0.1, 0.1]), texRes=128, units='height', win=Window(...))
14.5533 	EXP 	Created trialT15 = ImageStim(__class__=<class 'psychopy.visual.image.ImageStim'>, autoLog=True, color=array([1., 1., 1.]), colorSpace='rgb', contrast=1.0, depth=-17.0, flipHoriz=False, flipVert=False, image='T1.png', interpolate=True, mask=None, maskParams=None, name='trialT15', opacity=1.0, ori=0.0, pos=array([0., 0.]), size=array([0.1, 0.1]), texRes=128, units='height', win=Window(...))
14.5654 	EXP 	Created trialT16 = ImageStim(__class__=<class 'psychopy.visual.image.ImageStim'>, autoLog=True, color=array([1., 1., 1.]), colorSpace='rgb', contrast=1.0, depth=-18.0, flipHoriz=False, flipVert=False, image='T1.png', interpolate=True, mask=None, maskParams=None, name='trialT16', opacity=1.0, ori=0.0, pos=array([0., 0.]), size=array([0.1, 0.1]), texRes=128, units='height', win=Window(...))
14.5770 	EXP 	Created trialTT = ImageStim(__class__=<class 'psychopy.visual.image.ImageStim'>, autoLog=True, color=array([1., 1., 1.]), colorSpace='rgb', contrast=1.0, depth=-19.0, flipHoriz=False, flipVert=False, image='TT.png', interpolate=True, mask=None, maskParams=None, name='trialTT', opacity=1.0, ori=0.0, pos=array([0., 0.]), size=array([0.1, 0.1]), texRes=128, units='height', win=Window(...))
14.6102 	EXP 	Created instr2 = TextStim(__class__=<class 'psychopy.visual.text.TextStim'>, alignHoriz=method-wrapper(...), alignText='center', alignVert=method-wrapper(...), anchorHoriz='center', anchorVert='center', antialias=True, autoLog=True, bold=False, color='white', colorSpace='named', contrast=1.0, depth=0.0, flipHoriz=False, flipVert=False, font='Arial', fontFiles=[], height=0.05, italic=False, languageStyle='LTR', name='instr2', opacity=1.0, ori=0, pos=array([0., 0.]), rgb=array([255., 255., 255.]), text=str(...), units='height', win=Window(...), wrapWidth=1)
14.6136 	EXP 	Created trialFix = TextStim(__class__=<class 'psychopy.visual.text.TextStim'>, alignHoriz=method-wrapper(...), alignText='center', alignVert=method-wrapper(...), anchorHoriz='center', anchorVert='center', antialias=True, autoLog=True, bold=False, color='white', colorSpace='named', contrast=1.0, depth=0.0, flipHoriz=False, flipVert=False, font='Arial', fontFiles=[], height=0.05, italic=False, languageStyle='LTR', name='trialFix', opacity=1.0, ori=0, pos=array([0., 0.]), rgb=array([255., 255., 255.]), text='+', units='height', win=Window(...), wrapWidth=1)
14.6243 	EXP 	Created trialL11 = ImageStim(__class__=<class 'psychopy.visual.image.ImageStim'>, autoLog=True, color=array([1., 1., 1.]), colorSpace='rgb', contrast=1.0, depth=-1.0, flipHoriz=False, flipVert=False, image='L1.png', interpolate=True, mask=None, maskParams=None, name='trialL11', opacity=1.0, ori=0.0, pos=array([0., 0.]), size=array([0.1, 0.1]), texRes=128, units='height', win=Window(...))
14.6334 	EXP 	Created trialL12 = ImageStim(__class__=<class 'psychopy.visual.image.ImageStim'>, autoLog=True, color=array([1., 1., 1.]), colorSpace='rgb', contrast=1.0, depth=-2.0, flipHoriz=False, flipVert=False, image='L1.png', interpolate=True, mask=None, maskParams=None, name='trialL12', opacity=1.0, ori=0.0, pos=array([0., 0.]), size=array([0.1, 0.1]), texRes=128, units='height', win=Window(...))
14.6421 	EXP 	Created trialL21 = ImageStim(__class__=<class 'psychopy.visual.image.ImageStim'>, autoLog=True, color=array([1., 1., 1.]), colorSpace='rgb', contrast=1.0, depth=-3.0, flipHoriz=False, flipVert=False, image='L2.png', interpolate=True, mask=None, maskParams=None, name='trialL21', opacity=1.0, ori=0.0, pos=array([0., 0.]), size=array([0.1, 0.1]), texRes=128, units='height', win=Window(...))
14.6510 	EXP 	Created trialL22 = ImageStim(__class__=<class 'psychopy.visual.image.ImageStim'>, autoLog=True, color=array([1., 1., 1.]), colorSpace='rgb', contrast=1.0, depth=-4.0, flipHoriz=False, flipVert=False, image='L2.png', interpolate=True, mask=None, maskParams=None, name='trialL22', opacity=1.0, ori=0.0, pos=array([0., 0.]), size=array([0.1, 0.1]), texRes=128, units='height', win=Window(...))
14.6612 	EXP 	Created trialT11 = ImageStim(__class__=<class 'psychopy.visual.image.ImageStim'>, autoLog=True, color=array([1., 1., 1.]), colorSpace='rgb', contrast=1.0, depth=-5.0, flipHoriz=False, flipVert=False, image='T1.png', interpolate=True, mask=None, maskParams=None, name='trialT11', opacity=1.0, ori=0.0, pos=array([0., 0.]), size=array([0.1, 0.1]), texRes=128, units='height', win=Window(...))
14.6714 	EXP 	Created trialT12 = ImageStim(__class__=<class 'psychopy.visual.image.ImageStim'>, autoLog=True, color=array([1., 1., 1.]), colorSpace='rgb', contrast=1.0, depth=-6.0, flipHoriz=False, flipVert=False, image='T1.png', interpolate=True, mask=None, maskParams=None, name='trialT12', opacity=1.0, ori=0.0, pos=array([0., 0.]), size=array([0.1, 0.1]), texRes=128, units='height', win=Window(...))
14.6797 	EXP 	Created trialL13 = ImageStim(__class__=<class 'psychopy.visual.image.ImageStim'>, autoLog=True, color=array([1., 1., 1.]), colorSpace='rgb', contrast=1.0, depth=-7.0, flipHoriz=False, flipVert=False, image='L1.png', interpolate=True, mask=None, maskParams=None, name='trialL13', opacity=1.0, ori=0.0, pos=array([0., 0.]), size=array([0.1, 0.1]), texRes=128, units='height', win=Window(...))
14.6885 	EXP 	Created trialL14 = ImageStim(__class__=<class 'psychopy.visual.image.ImageStim'>, autoLog=True, color=array([1., 1., 1.]), colorSpace='rgb', contrast=1.0, depth=-8.0, flipHoriz=False, flipVert=False, image='L1.png', interpolate=True, mask=None, maskParams=None, name='trialL14', opacity=1.0, ori=0.0, pos=array([0., 0.]), size=array([0.1, 0.1]), texRes=128, units='height', win=Window(...))
14.6971 	EXP 	Created trialL23 = ImageStim(__class__=<class 'psychopy.visual.image.ImageStim'>, autoLog=True, color=array([1., 1., 1.]), colorSpace='rgb', contrast=1.0, depth=-9.0, flipHoriz=False, flipVert=False, image='L1.png', interpolate=True, mask=None, maskParams=None, name='trialL23', opacity=1.0, ori=0.0, pos=array([0., 0.]), size=array([0.1, 0.1]), texRes=128, units='height', win=Window(...))
14.7057 	EXP 	Created trialL24 = ImageStim(__class__=<class 'psychopy.visual.image.ImageStim'>, autoLog=True, color=array([1., 1., 1.]), colorSpace='rgb', contrast=1.0, depth=-10.0, flipHoriz=False, flipVert=False, image='L2.png', interpolate=True, mask=None, maskParams=None, name='trialL24', opacity=1.0, ori=0.0, pos=array([0., 0.]), size=array([0.1, 0.1]), texRes=128, units='height', win=Window(...))
14.7159 	EXP 	Created trialT13 = ImageStim(__class__=<class 'psychopy.visual.image.ImageStim'>, autoLog=True, color=array([1., 1., 1.]), colorSpace='rgb', contrast=1.0, depth=-11.0, flipHoriz=False, flipVert=False, image='T1.png', interpolate=True, mask=None, maskParams=None, name='trialT13', opacity=1.0, ori=0.0, pos=array([0., 0.]), size=array([0.1, 0.1]), texRes=128, units='height', win=Window(...))
14.7264 	EXP 	Created trialT14 = ImageStim(__class__=<class 'psychopy.visual.image.ImageStim'>, autoLog=True, color=array([1., 1., 1.]), colorSpace='rgb', contrast=1.0, depth=-12.0, flipHoriz=False, flipVert=False, image='T1.png', interpolate=True, mask=None, maskParams=None, name='trialT14', opacity=1.0, ori=0.0, pos=array([0., 0.]), size=array([0.1, 0.1]), texRes=128, units='height', win=Window(...))
14.7356 	EXP 	Created trialL15 = ImageStim(__class__=<class 'psychopy.visual.image.ImageStim'>, autoLog=True, color=array([1., 1., 1.]), colorSpace='rgb', contrast=1.0, depth=-13.0, flipHoriz=False, flipVert=False, image='L1.png', interpolate=True, mask=None, maskParams=None, name='trialL15', opacity=1.0, ori=0.0, pos=array([0., 0.]), size=array([0.1, 0.1]), texRes=128, units='height', win=Window(...))
14.7447 	EXP 	Created trialL16 = ImageStim(__class__=<class 'psychopy.visual.image.ImageStim'>, autoLog=True, color=array([1., 1., 1.]), colorSpace='rgb', contrast=1.0, depth=-14.0, flipHoriz=False, flipVert=False, image='L1.png', interpolate=True, mask=None, maskParams=None, name='trialL16', opacity=1.0, ori=0.0, pos=array([0., 0.]), size=array([0.1, 0.1]), texRes=128, units='height', win=Window(...))
14.7531 	EXP 	Created trialL25 = ImageStim(__class__=<class 'psychopy.visual.image.ImageStim'>, autoLog=True, color=array([1., 1., 1.]), colorSpace='rgb', contrast=1.0, depth=-15.0, flipHoriz=False, flipVert=False, image='L2.png', interpolate=True, mask=None, maskParams=None, name='trialL25', opacity=1.0, ori=0.0, pos=array([0., 0.]), size=array([0.1, 0.1]), texRes=128, units='height', win=Window(...))
14.7623 	EXP 	Created trialL26 = ImageStim(__class__=<class 'psychopy.visual.image.ImageStim'>, autoLog=True, color=array([1., 1., 1.]), colorSpace='rgb', contrast=1.0, depth=-16.0, flipHoriz=False, flipVert=False, image='L2.png', interpolate=True, mask=None, maskParams=None, name='trialL26', opacity=1.0, ori=0.0, pos=array([0., 0.]), size=array([0.1, 0.1]), texRes=128, units='height', win=Window(...))
14.7724 	EXP 	Created trialT15 = ImageStim(__class__=<class 'psychopy.visual.image.ImageStim'>, autoLog=True, color=array([1., 1., 1.]), colorSpace='rgb', contrast=1.0, depth=-17.0, flipHoriz=False, flipVert=False, image='T1.png', interpolate=True, mask=None, maskParams=None, name='trialT15', opacity=1.0, ori=0.0, pos=array([0., 0.]), size=array([0.1, 0.1]), texRes=128, units='height', win=Window(...))
14.7822 	EXP 	Created trialT16 = ImageStim(__class__=<class 'psychopy.visual.image.ImageStim'>, autoLog=True, color=array([1., 1., 1.]), colorSpace='rgb', contrast=1.0, depth=-18.0, flipHoriz=False, flipVert=False, image='T1.png', interpolate=True, mask=None, maskParams=None, name='trialT16', opacity=1.0, ori=0.0, pos=array([0., 0.]), size=array([0.1, 0.1]), texRes=128, units='height', win=Window(...))
14.7924 	EXP 	Created trialTT = ImageStim(__class__=<class 'psychopy.visual.image.ImageStim'>, autoLog=True, color=array([1., 1., 1.]), colorSpace='rgb', contrast=1.0, depth=-19.0, flipHoriz=False, flipVert=False, image='TT.png', interpolate=True, mask=None, maskParams=None, name='trialTT', opacity=1.0, ori=0.0, pos=array([0., 0.]), size=array([0.1, 0.1]), texRes=128, units='height', win=Window(...))
14.8204 	EXP 	Created instr3 = TextStim(__class__=<class 'psychopy.visual.text.TextStim'>, alignHoriz=method-wrapper(...), alignText='center', alignVert=method-wrapper(...), anchorHoriz='center', anchorVert='center', antialias=True, autoLog=True, bold=False, color='white', colorSpace='named', contrast=1.0, depth=0.0, flipHoriz=False, flipVert=False, font='Arial', fontFiles=[], height=0.05, italic=False, languageStyle='LTR', name='instr3', opacity=1.0, ori=0, pos=array([0., 0.]), rgb=array([255., 255., 255.]), text=str(...), units='height', win=Window(...), wrapWidth=1)
14.8237 	EXP 	Created trialFix = TextStim(__class__=<class 'psychopy.visual.text.TextStim'>, alignHoriz=method-wrapper(...), alignText='center', alignVert=method-wrapper(...), anchorHoriz='center', anchorVert='center', antialias=True, autoLog=True, bold=False, color='white', colorSpace='named', contrast=1.0, depth=0.0, flipHoriz=False, flipVert=False, font='Arial', fontFiles=[], height=0.05, italic=False, languageStyle='LTR', name='trialFix', opacity=1.0, ori=0, pos=array([0., 0.]), rgb=array([255., 255., 255.]), text='+', units='height', win=Window(...), wrapWidth=1)
14.8328 	EXP 	Created trialL11 = ImageStim(__class__=<class 'psychopy.visual.image.ImageStim'>, autoLog=True, color=array([1., 1., 1.]), colorSpace='rgb', contrast=1.0, depth=-1.0, flipHoriz=False, flipVert=False, image='L1.png', interpolate=True, mask=None, maskParams=None, name='trialL11', opacity=1.0, ori=0.0, pos=array([0., 0.]), size=array([0.1, 0.1]), texRes=128, units='height', win=Window(...))
14.8416 	EXP 	Created trialL12 = ImageStim(__class__=<class 'psychopy.visual.image.ImageStim'>, autoLog=True, color=array([1., 1., 1.]), colorSpace='rgb', contrast=1.0, depth=-2.0, flipHoriz=False, flipVert=False, image='L1.png', interpolate=True, mask=None, maskParams=None, name='trialL12', opacity=1.0, ori=0.0, pos=array([0., 0.]), size=array([0.1, 0.1]), texRes=128, units='height', win=Window(...))
14.8507 	EXP 	Created trialL21 = ImageStim(__class__=<class 'psychopy.visual.image.ImageStim'>, autoLog=True, color=array([1., 1., 1.]), colorSpace='rgb', contrast=1.0, depth=-3.0, flipHoriz=False, flipVert=False, image='L2.png', interpolate=True, mask=None, maskParams=None, name='trialL21', opacity=1.0, ori=0.0, pos=array([0., 0.]), size=array([0.1, 0.1]), texRes=128, units='height', win=Window(...))
14.8594 	EXP 	Created trialL22 = ImageStim(__class__=<class 'psychopy.visual.image.ImageStim'>, autoLog=True, color=array([1., 1., 1.]), colorSpace='rgb', contrast=1.0, depth=-4.0, flipHoriz=False, flipVert=False, image='L2.png', interpolate=True, mask=None, maskParams=None, name='trialL22', opacity=1.0, ori=0.0, pos=array([0., 0.]), size=array([0.1, 0.1]), texRes=128, units='height', win=Window(...))
14.8696 	EXP 	Created trialT11 = ImageStim(__class__=<class 'psychopy.visual.image.ImageStim'>, autoLog=True, color=array([1., 1., 1.]), colorSpace='rgb', contrast=1.0, depth=-5.0, flipHoriz=False, flipVert=False, image='T1.png', interpolate=True, mask=None, maskParams=None, name='trialT11', opacity=1.0, ori=0.0, pos=array([0., 0.]), size=array([0.1, 0.1]), texRes=128, units='height', win=Window(...))
14.8795 	EXP 	Created trialT12 = ImageStim(__class__=<class 'psychopy.visual.image.ImageStim'>, autoLog=True, color=array([1., 1., 1.]), colorSpace='rgb', contrast=1.0, depth=-6.0, flipHoriz=False, flipVert=False, image='T1.png', interpolate=True, mask=None, maskParams=None, name='trialT12', opacity=1.0, ori=0.0, pos=array([0., 0.]), size=array([0.1, 0.1]), texRes=128, units='height', win=Window(...))
14.8881 	EXP 	Created trialL13 = ImageStim(__class__=<class 'psychopy.visual.image.ImageStim'>, autoLog=True, color=array([1., 1., 1.]), colorSpace='rgb', contrast=1.0, depth=-7.0, flipHoriz=False, flipVert=False, image='L1.png', interpolate=True, mask=None, maskParams=None, name='trialL13', opacity=1.0, ori=0.0, pos=array([0., 0.]), size=array([0.1, 0.1]), texRes=128, units='height', win=Window(...))
14.8960 	EXP 	Created trialL14 = ImageStim(__class__=<class 'psychopy.visual.image.ImageStim'>, autoLog=True, color=array([1., 1., 1.]), colorSpace='rgb', contrast=1.0, depth=-8.0, flipHoriz=False, flipVert=False, image='L1.png', interpolate=True, mask=None, maskParams=None, name='trialL14', opacity=1.0, ori=0.0, pos=array([0., 0.]), size=array([0.1, 0.1]), texRes=128, units='height', win=Window(...))
14.9046 	EXP 	Created trialL23 = ImageStim(__class__=<class 'psychopy.visual.image.ImageStim'>, autoLog=True, color=array([1., 1., 1.]), colorSpace='rgb', contrast=1.0, depth=-9.0, flipHoriz=False, flipVert=False, image='L1.png', interpolate=True, mask=None, maskParams=None, name='trialL23', opacity=1.0, ori=0.0, pos=array([0., 0.]), size=array([0.1, 0.1]), texRes=128, units='height', win=Window(...))
14.9144 	EXP 	Created trialL24 = ImageStim(__class__=<class 'psychopy.visual.image.ImageStim'>, autoLog=True, color=array([1., 1., 1.]), colorSpace='rgb', contrast=1.0, depth=-10.0, flipHoriz=False, flipVert=False, image='L2.png', interpolate=True, mask=None, maskParams=None, name='trialL24', opacity=1.0, ori=0.0, pos=array([0., 0.]), size=array([0.1, 0.1]), texRes=128, units='height', win=Window(...))
14.9243 	EXP 	Created trialT13 = ImageStim(__class__=<class 'psychopy.visual.image.ImageStim'>, autoLog=True, color=array([1., 1., 1.]), colorSpace='rgb', contrast=1.0, depth=-11.0, flipHoriz=False, flipVert=False, image='T1.png', interpolate=True, mask=None, maskParams=None, name='trialT13', opacity=1.0, ori=0.0, pos=array([0., 0.]), size=array([0.1, 0.1]), texRes=128, units='height', win=Window(...))
14.9352 	EXP 	Created trialT14 = ImageStim(__class__=<class 'psychopy.visual.image.ImageStim'>, autoLog=True, color=array([1., 1., 1.]), colorSpace='rgb', contrast=1.0, depth=-12.0, flipHoriz=False, flipVert=False, image='T1.png', interpolate=True, mask=None, maskParams=None, name='trialT14', opacity=1.0, ori=0.0, pos=array([0., 0.]), size=array([0.1, 0.1]), texRes=128, units='height', win=Window(...))
14.9444 	EXP 	Created trialL15 = ImageStim(__class__=<class 'psychopy.visual.image.ImageStim'>, autoLog=True, color=array([1., 1., 1.]), colorSpace='rgb', contrast=1.0, depth=-13.0, flipHoriz=False, flipVert=False, image='L1.png', interpolate=True, mask=None, maskParams=None, name='trialL15', opacity=1.0, ori=0.0, pos=array([0., 0.]), size=array([0.1, 0.1]), texRes=128, units='height', win=Window(...))
14.9529 	EXP 	Created trialL16 = ImageStim(__class__=<class 'psychopy.visual.image.ImageStim'>, autoLog=True, color=array([1., 1., 1.]), colorSpace='rgb', contrast=1.0, depth=-14.0, flipHoriz=False, flipVert=False, image='L1.png', interpolate=True, mask=None, maskParams=None, name='trialL16', opacity=1.0, ori=0.0, pos=array([0., 0.]), size=array([0.1, 0.1]), texRes=128, units='height', win=Window(...))
14.9617 	EXP 	Created trialL25 = ImageStim(__class__=<class 'psychopy.visual.image.ImageStim'>, autoLog=True, color=array([1., 1., 1.]), colorSpace='rgb', contrast=1.0, depth=-15.0, flipHoriz=False, flipVert=False, image='L2.png', interpolate=True, mask=None, maskParams=None, name='trialL25', opacity=1.0, ori=0.0, pos=array([0., 0.]), size=array([0.1, 0.1]), texRes=128, units='height', win=Window(...))
14.9707 	EXP 	Created trialL26 = ImageStim(__class__=<class 'psychopy.visual.image.ImageStim'>, autoLog=True, color=array([1., 1., 1.]), colorSpace='rgb', contrast=1.0, depth=-16.0, flipHoriz=False, flipVert=False, image='L2.png', interpolate=True, mask=None, maskParams=None, name='trialL26', opacity=1.0, ori=0.0, pos=array([0., 0.]), size=array([0.1, 0.1]), texRes=128, units='height', win=Window(...))
14.9808 	EXP 	Created trialT15 = ImageStim(__class__=<class 'psychopy.visual.image.ImageStim'>, autoLog=True, color=array([1., 1., 1.]), colorSpace='rgb', contrast=1.0, depth=-17.0, flipHoriz=False, flipVert=False, image='T1.png', interpolate=True, mask=None, maskParams=None, name='trialT15', opacity=1.0, ori=0.0, pos=array([0., 0.]), size=array([0.1, 0.1]), texRes=128, units='height', win=Window(...))
14.9914 	EXP 	Created trialT16 = ImageStim(__class__=<class 'psychopy.visual.image.ImageStim'>, autoLog=True, color=array([1., 1., 1.]), colorSpace='rgb', contrast=1.0, depth=-18.0, flipHoriz=False, flipVert=False, image='T1.png', interpolate=True, mask=None, maskParams=None, name='trialT16', opacity=1.0, ori=0.0, pos=array([0., 0.]), size=array([0.1, 0.1]), texRes=128, units='height', win=Window(...))
15.0019 	EXP 	Created trialTT = ImageStim(__class__=<class 'psychopy.visual.image.ImageStim'>, autoLog=True, color=array([1., 1., 1.]), colorSpace='rgb', contrast=1.0, depth=-19.0, flipHoriz=False, flipVert=False, image='TT.png', interpolate=True, mask=None, maskParams=None, name='trialTT', opacity=1.0, ori=0.0, pos=array([0., 0.]), size=array([0.1, 0.1]), texRes=128, units='height', win=Window(...))
15.0209 	EXP 	Created thanks = TextStim(__class__=<class 'psychopy.visual.text.TextStim'>, alignHoriz=method-wrapper(...), alignText='center', alignVert=method-wrapper(...), anchorHoriz='center', anchorVert='center', antialias=True, autoLog=True, bold=False, color='white', colorSpace='named', contrast=1.0, depth=0.0, flipHoriz=False, flipVert=False, font='Arial', fontFiles=[], height=0.05, italic=False, languageStyle='LTR', name='thanks', opacity=1.0, ori=0, pos=array([0., 0.]), rgb=array([255., 255., 255.]), text=str(...), units='height', win=Window(...), wrapWidth=1)
15.0659 	EXP 	instr1: autoDraw = True
15.0659 	EXP 	l1ex: autoDraw = True
15.0659 	EXP 	l2ex: autoDraw = True
15.0659 	EXP 	t1ex: autoDraw = True
15.0659 	EXP 	tTex: autoDraw = True
17.4535 	EXP 	Imported vSearchCond1.xlsx as conditions, 40 conditions, 42 params
17.4551 	EXP 	Created sequence: sequential, trialTypes=40, nReps=1, seed=None
17.4566 	EXP 	New trial (rep=0, index=0): OrderedDict([('loc1', -0.2), ('loc2', -0.2), ('loc3', -0.4), ('loc4', 0.4), ('loc5', -0.4), ('loc6', 0.0), ('loc7', 0.4), ('loc8', 0.2), ('loc9', -0.4), ('loc10', -0.4), ('loc11', 0.4), ('loc12', -0.2), ('loc13', 0.4), ('loc14', 0.4), ('loc15', 0.2), ('loc16', 0.4), ('loc17', 0.0), ('loc18', 0.2), ('loc19', 0.2), ('loc20', 0.0), ('loc21', 0.2), ('loc22', -0.4), ('loc23', -0.2), ('loc24', 0.4), ('loc25', 0.0), ('loc26', -0.4), ('loc27', -0.2), ('loc28', 0.2), ('loc29', 0.2), ('loc30', 0.2), ('loc31', -0.2), ('loc32', 0.0), ('loc33', 0.2), ('loc34', -0.2), ('loc35', 0.4), ('loc36', -0.4), ('loc37', None), ('loc38', None), ('corrAns', 'k'), ('setSize', 18), ('trialsNum', 1), ('trialNum', 1)])
17.4671 	DATA 	Keypress: space
17.4733 	EXP 	instr1: autoDraw = False
17.4733 	EXP 	l1ex: autoDraw = False
17.4733 	EXP 	l2ex: autoDraw = False
17.4733 	EXP 	t1ex: autoDraw = False
17.4733 	EXP 	tTex: autoDraw = False
17.4733 	EXP 	trialL11: pos = array([-0.2, -0.2])
17.4733 	EXP 	trialL12: pos = array([-0.4,  0.4])
17.4733 	EXP 	trialL21: pos = array([-0.4,  0. ])
17.4733 	EXP 	trialL22: pos = array([0.4, 0.2])
17.4733 	EXP 	trialT11: pos = array([-0.4, -0.4])
17.4733 	EXP 	trialT12: pos = array([ 0.4, -0.2])
17.4733 	EXP 	trialL13: pos = array([0.4, 0.4])
17.4733 	EXP 	trialL14: pos = array([0.2, 0.4])
17.4733 	EXP 	trialL23: pos = array([0. , 0.2])
17.4733 	EXP 	trialL24: pos = array([0.2, 0. ])
17.4733 	EXP 	trialT13: pos = array([ 0.2, -0.4])
17.4733 	EXP 	trialT14: pos = array([-0.2,  0.4])
17.4733 	EXP 	trialL15: pos = array([ 0. , -0.4])
17.4733 	EXP 	trialL16: pos = array([-0.2,  0.2])
17.4733 	EXP 	trialL25: pos = array([0.2, 0.2])
17.4733 	EXP 	trialL26: pos = array([-0.2,  0. ])
17.4733 	EXP 	trialT15: pos = array([ 0.2, -0.2])
17.4733 	EXP 	trialT16: pos = array([ 0.4, -0.4])
17.4733 	EXP 	trialTT: pos = array([nan, nan])
17.4733 	EXP 	trialFix: autoDraw = True
18.4613 	EXP 	trialL11: autoDraw = True
18.4613 	EXP 	trialL12: autoDraw = True
18.4613 	EXP 	trialL21: autoDraw = True
18.4613 	EXP 	trialL22: autoDraw = True
18.4613 	EXP 	trialT11: autoDraw = True
18.4613 	EXP 	trialT12: autoDraw = True
18.4613 	EXP 	trialL13: autoDraw = True
18.4613 	EXP 	trialL14: autoDraw = True
18.4613 	EXP 	trialL23: autoDraw = True
18.4613 	EXP 	trialL24: autoDraw = True
18.4613 	EXP 	trialT13: autoDraw = True
18.4613 	EXP 	trialT14: autoDraw = True
18.4613 	EXP 	trialL15: autoDraw = True
18.4613 	EXP 	trialL16: autoDraw = True
18.4613 	EXP 	trialL25: autoDraw = True
18.4613 	EXP 	trialL26: autoDraw = True
18.4613 	EXP 	trialT15: autoDraw = True
18.4613 	EXP 	trialT16: autoDraw = True
18.4613 	EXP 	trialTT: autoDraw = True
18.4786 	EXP 	trialFix: autoDraw = False
19.0441 	DATA 	Keypress: escape
19.5552 	EXP 	window1: mouseVisible = True
